==28059== Memcheck, a memory error detector
==28059== Copyright (C) 2002-2013, and GNU GPL'd, by Julian Seward et al.
==28059== Using Valgrind-3.10.1 and LibVEX; rerun with -h for copyright info
==28059== Command: ./test_simulation -t 1
==28059== Parent PID: 17205
==28059== 
==28059== Use of uninitialised value of size 8
==28059==    at 0x403A39: simulation::Context::calculateNeighborAvg(specie_id, int) const (context_impl.hpp:42)
==28059==    by 0x4099E5: float reaction<(reaction_id)0>::active_rate<simulation::Context>(simulation::Context const&) const (model_impl.hpp:184)
==28059==    by 0x403D6B: simulation::Context::calculateRatesOfChange() (reactions_list.hpp:16)
==28059==    by 0x4103DF: simulation::execute() (simulation.cpp:69)
==28059==    by 0x410349: simulation::simulate() (simulation.cpp:30)
==28059==    by 0x407D4D: main (test_simulation.cpp:46)
==28059== 
==28059== Use of uninitialised value of size 8
==28059==    at 0x403A63: simulation::Context::calculateNeighborAvg(specie_id, int) const (context_impl.hpp:42)
==28059==    by 0x4099E5: float reaction<(reaction_id)0>::active_rate<simulation::Context>(simulation::Context const&) const (model_impl.hpp:184)
==28059==    by 0x403D6B: simulation::Context::calculateRatesOfChange() (reactions_list.hpp:16)
==28059==    by 0x4103DF: simulation::execute() (simulation.cpp:69)
==28059==    by 0x410349: simulation::simulate() (simulation.cpp:30)
==28059==    by 0x407D4D: main (test_simulation.cpp:46)
==28059== 
==28059== Use of uninitialised value of size 8
==28059==    at 0x403A92: simulation::Context::calculateNeighborAvg(specie_id, int) const (context_impl.hpp:42)
==28059==    by 0x4099E5: float reaction<(reaction_id)0>::active_rate<simulation::Context>(simulation::Context const&) const (model_impl.hpp:184)
==28059==    by 0x403D6B: simulation::Context::calculateRatesOfChange() (reactions_list.hpp:16)
==28059==    by 0x4103DF: simulation::execute() (simulation.cpp:69)
==28059==    by 0x410349: simulation::simulate() (simulation.cpp:30)
==28059==    by 0x407D4D: main (test_simulation.cpp:46)
==28059== 
==28059== Use of uninitialised value of size 8
==28059==    at 0x403AC4: simulation::Context::calculateNeighborAvg(specie_id, int) const (context_impl.hpp:42)
==28059==    by 0x4099E5: float reaction<(reaction_id)0>::active_rate<simulation::Context>(simulation::Context const&) const (model_impl.hpp:184)
==28059==    by 0x403D6B: simulation::Context::calculateRatesOfChange() (reactions_list.hpp:16)
==28059==    by 0x4103DF: simulation::execute() (simulation.cpp:69)
==28059==    by 0x410349: simulation::simulate() (simulation.cpp:30)
==28059==    by 0x407D4D: main (test_simulation.cpp:46)
==28059== 
==28059== Use of uninitialised value of size 8
==28059==    at 0x403A39: simulation::Context::calculateNeighborAvg(specie_id, int) const (context_impl.hpp:42)
==28059==    by 0x409B45: float reaction<(reaction_id)1>::active_rate<simulation::Context>(simulation::Context const&) const (model_impl.hpp:213)
==28059==    by 0x403DB2: simulation::Context::calculateRatesOfChange() (reactions_list.hpp:17)
==28059==    by 0x4103DF: simulation::execute() (simulation.cpp:69)
==28059==    by 0x410349: simulation::simulate() (simulation.cpp:30)
==28059==    by 0x407D4D: main (test_simulation.cpp:46)
==28059== 
==28059== Use of uninitialised value of size 8
==28059==    at 0x403A63: simulation::Context::calculateNeighborAvg(specie_id, int) const (context_impl.hpp:42)
==28059==    by 0x409B45: float reaction<(reaction_id)1>::active_rate<simulation::Context>(simulation::Context const&) const (model_impl.hpp:213)
==28059==    by 0x403DB2: simulation::Context::calculateRatesOfChange() (reactions_list.hpp:17)
==28059==    by 0x4103DF: simulation::execute() (simulation.cpp:69)
==28059==    by 0x410349: simulation::simulate() (simulation.cpp:30)
==28059==    by 0x407D4D: main (test_simulation.cpp:46)
==28059== 
==28059== Use of uninitialised value of size 8
==28059==    at 0x403A92: simulation::Context::calculateNeighborAvg(specie_id, int) const (context_impl.hpp:42)
==28059==    by 0x409B45: float reaction<(reaction_id)1>::active_rate<simulation::Context>(simulation::Context const&) const (model_impl.hpp:213)
==28059==    by 0x403DB2: simulation::Context::calculateRatesOfChange() (reactions_list.hpp:17)
==28059==    by 0x4103DF: simulation::execute() (simulation.cpp:69)
==28059==    by 0x410349: simulation::simulate() (simulation.cpp:30)
==28059==    by 0x407D4D: main (test_simulation.cpp:46)
==28059== 
==28059== Use of uninitialised value of size 8
==28059==    at 0x403AC4: simulation::Context::calculateNeighborAvg(specie_id, int) const (context_impl.hpp:42)
==28059==    by 0x409B45: float reaction<(reaction_id)1>::active_rate<simulation::Context>(simulation::Context const&) const (model_impl.hpp:213)
==28059==    by 0x403DB2: simulation::Context::calculateRatesOfChange() (reactions_list.hpp:17)
==28059==    by 0x4103DF: simulation::execute() (simulation.cpp:69)
==28059==    by 0x410349: simulation::simulate() (simulation.cpp:30)
==28059==    by 0x407D4D: main (test_simulation.cpp:46)
==28059== 
==28059== Use of uninitialised value of size 8
==28059==    at 0x403BEE: simulation::Context::calculateNeighborAvg(specie_id, int) const (context_impl.hpp:46)
==28059==    by 0x4099E5: float reaction<(reaction_id)0>::active_rate<simulation::Context>(simulation::Context const&) const (model_impl.hpp:184)
==28059==    by 0x403D6B: simulation::Context::calculateRatesOfChange() (reactions_list.hpp:16)
==28059==    by 0x4103DF: simulation::execute() (simulation.cpp:69)
==28059==    by 0x410349: simulation::simulate() (simulation.cpp:30)
==28059==    by 0x407D4D: main (test_simulation.cpp:46)
==28059== 
==28059== Use of uninitialised value of size 8
==28059==    at 0x403C18: simulation::Context::calculateNeighborAvg(specie_id, int) const (context_impl.hpp:46)
==28059==    by 0x4099E5: float reaction<(reaction_id)0>::active_rate<simulation::Context>(simulation::Context const&) const (model_impl.hpp:184)
==28059==    by 0x403D6B: simulation::Context::calculateRatesOfChange() (reactions_list.hpp:16)
==28059==    by 0x4103DF: simulation::execute() (simulation.cpp:69)
==28059==    by 0x410349: simulation::simulate() (simulation.cpp:30)
==28059==    by 0x407D4D: main (test_simulation.cpp:46)
==28059== 
==28059== Use of uninitialised value of size 8
==28059==    at 0x403C47: simulation::Context::calculateNeighborAvg(specie_id, int) const (context_impl.hpp:46)
==28059==    by 0x4099E5: float reaction<(reaction_id)0>::active_rate<simulation::Context>(simulation::Context const&) const (model_impl.hpp:184)
==28059==    by 0x403D6B: simulation::Context::calculateRatesOfChange() (reactions_list.hpp:16)
==28059==    by 0x4103DF: simulation::execute() (simulation.cpp:69)
==28059==    by 0x410349: simulation::simulate() (simulation.cpp:30)
==28059==    by 0x407D4D: main (test_simulation.cpp:46)
==28059== 
==28059== Use of uninitialised value of size 8
==28059==    at 0x403C79: simulation::Context::calculateNeighborAvg(specie_id, int) const (context_impl.hpp:46)
==28059==    by 0x4099E5: float reaction<(reaction_id)0>::active_rate<simulation::Context>(simulation::Context const&) const (model_impl.hpp:184)
==28059==    by 0x403D6B: simulation::Context::calculateRatesOfChange() (reactions_list.hpp:16)
==28059==    by 0x4103DF: simulation::execute() (simulation.cpp:69)
==28059==    by 0x410349: simulation::simulate() (simulation.cpp:30)
==28059==    by 0x407D4D: main (test_simulation.cpp:46)
==28059== 
==28059== Use of uninitialised value of size 8
==28059==    at 0x403CA8: simulation::Context::calculateNeighborAvg(specie_id, int) const (context_impl.hpp:46)
==28059==    by 0x4099E5: float reaction<(reaction_id)0>::active_rate<simulation::Context>(simulation::Context const&) const (model_impl.hpp:184)
==28059==    by 0x403D6B: simulation::Context::calculateRatesOfChange() (reactions_list.hpp:16)
==28059==    by 0x4103DF: simulation::execute() (simulation.cpp:69)
==28059==    by 0x410349: simulation::simulate() (simulation.cpp:30)
==28059==    by 0x407D4D: main (test_simulation.cpp:46)
==28059== 
==28059== Use of uninitialised value of size 8
==28059==    at 0x403CDA: simulation::Context::calculateNeighborAvg(specie_id, int) const (context_impl.hpp:46)
==28059==    by 0x4099E5: float reaction<(reaction_id)0>::active_rate<simulation::Context>(simulation::Context const&) const (model_impl.hpp:184)
==28059==    by 0x403D6B: simulation::Context::calculateRatesOfChange() (reactions_list.hpp:16)
==28059==    by 0x4103DF: simulation::execute() (simulation.cpp:69)
==28059==    by 0x410349: simulation::simulate() (simulation.cpp:30)
==28059==    by 0x407D4D: main (test_simulation.cpp:46)
==28059== 
==28059== Use of uninitialised value of size 8
==28059==    at 0x403BEE: simulation::Context::calculateNeighborAvg(specie_id, int) const (context_impl.hpp:46)
==28059==    by 0x409B45: float reaction<(reaction_id)1>::active_rate<simulation::Context>(simulation::Context const&) const (model_impl.hpp:213)
==28059==    by 0x403DB2: simulation::Context::calculateRatesOfChange() (reactions_list.hpp:17)
==28059==    by 0x4103DF: simulation::execute() (simulation.cpp:69)
==28059==    by 0x410349: simulation::simulate() (simulation.cpp:30)
==28059==    by 0x407D4D: main (test_simulation.cpp:46)
==28059== 
==28059== Use of uninitialised value of size 8
==28059==    at 0x403C18: simulation::Context::calculateNeighborAvg(specie_id, int) const (context_impl.hpp:46)
==28059==    by 0x409B45: float reaction<(reaction_id)1>::active_rate<simulation::Context>(simulation::Context const&) const (model_impl.hpp:213)
==28059==    by 0x403DB2: simulation::Context::calculateRatesOfChange() (reactions_list.hpp:17)
==28059==    by 0x4103DF: simulation::execute() (simulation.cpp:69)
==28059==    by 0x410349: simulation::simulate() (simulation.cpp:30)
==28059==    by 0x407D4D: main (test_simulation.cpp:46)
==28059== 
==28059== Use of uninitialised value of size 8
==28059==    at 0x403C47: simulation::Context::calculateNeighborAvg(specie_id, int) const (context_impl.hpp:46)
==28059==    by 0x409B45: float reaction<(reaction_id)1>::active_rate<simulation::Context>(simulation::Context const&) const (model_impl.hpp:213)
==28059==    by 0x403DB2: simulation::Context::calculateRatesOfChange() (reactions_list.hpp:17)
==28059==    by 0x4103DF: simulation::execute() (simulation.cpp:69)
==28059==    by 0x410349: simulation::simulate() (simulation.cpp:30)
==28059==    by 0x407D4D: main (test_simulation.cpp:46)
==28059== 
==28059== Use of uninitialised value of size 8
==28059==    at 0x403C79: simulation::Context::calculateNeighborAvg(specie_id, int) const (context_impl.hpp:46)
==28059==    by 0x409B45: float reaction<(reaction_id)1>::active_rate<simulation::Context>(simulation::Context const&) const (model_impl.hpp:213)
==28059==    by 0x403DB2: simulation::Context::calculateRatesOfChange() (reactions_list.hpp:17)
==28059==    by 0x4103DF: simulation::execute() (simulation.cpp:69)
==28059==    by 0x410349: simulation::simulate() (simulation.cpp:30)
==28059==    by 0x407D4D: main (test_simulation.cpp:46)
==28059== 
==28059== Use of uninitialised value of size 8
==28059==    at 0x403CA8: simulation::Context::calculateNeighborAvg(specie_id, int) const (context_impl.hpp:46)
==28059==    by 0x409B45: float reaction<(reaction_id)1>::active_rate<simulation::Context>(simulation::Context const&) const (model_impl.hpp:213)
==28059==    by 0x403DB2: simulation::Context::calculateRatesOfChange() (reactions_list.hpp:17)
==28059==    by 0x4103DF: simulation::execute() (simulation.cpp:69)
==28059==    by 0x410349: simulation::simulate() (simulation.cpp:30)
==28059==    by 0x407D4D: main (test_simulation.cpp:46)
==28059== 
==28059== Use of uninitialised value of size 8
==28059==    at 0x403CDA: simulation::Context::calculateNeighborAvg(specie_id, int) const (context_impl.hpp:46)
==28059==    by 0x409B45: float reaction<(reaction_id)1>::active_rate<simulation::Context>(simulation::Context const&) const (model_impl.hpp:213)
==28059==    by 0x403DB2: simulation::Context::calculateRatesOfChange() (reactions_list.hpp:17)
==28059==    by 0x4103DF: simulation::execute() (simulation.cpp:69)
==28059==    by 0x410349: simulation::simulate() (simulation.cpp:30)
==28059==    by 0x407D4D: main (test_simulation.cpp:46)
==28059== 
==28059== Use of uninitialised value of size 8
==28059==    at 0x403B23: simulation::Context::calculateNeighborAvg(specie_id, int) const (context_impl.hpp:44)
==28059==    by 0x4099E5: float reaction<(reaction_id)0>::active_rate<simulation::Context>(simulation::Context const&) const (model_impl.hpp:184)
==28059==    by 0x403D6B: simulation::Context::calculateRatesOfChange() (reactions_list.hpp:16)
==28059==    by 0x4103DF: simulation::execute() (simulation.cpp:69)
==28059==    by 0x410349: simulation::simulate() (simulation.cpp:30)
==28059==    by 0x407D4D: main (test_simulation.cpp:46)
==28059== 
==28059== Use of uninitialised value of size 8
==28059==    at 0x403B4D: simulation::Context::calculateNeighborAvg(specie_id, int) const (context_impl.hpp:44)
==28059==    by 0x4099E5: float reaction<(reaction_id)0>::active_rate<simulation::Context>(simulation::Context const&) const (model_impl.hpp:184)
==28059==    by 0x403D6B: simulation::Context::calculateRatesOfChange() (reactions_list.hpp:16)
==28059==    by 0x4103DF: simulation::execute() (simulation.cpp:69)
==28059==    by 0x410349: simulation::simulate() (simulation.cpp:30)
==28059==    by 0x407D4D: main (test_simulation.cpp:46)
==28059== 
==28059== Use of uninitialised value of size 8
==28059==    at 0x403B7C: simulation::Context::calculateNeighborAvg(specie_id, int) const (context_impl.hpp:44)
==28059==    by 0x4099E5: float reaction<(reaction_id)0>::active_rate<simulation::Context>(simulation::Context const&) const (model_impl.hpp:184)
==28059==    by 0x403D6B: simulation::Context::calculateRatesOfChange() (reactions_list.hpp:16)
==28059==    by 0x4103DF: simulation::execute() (simulation.cpp:69)
==28059==    by 0x410349: simulation::simulate() (simulation.cpp:30)
==28059==    by 0x407D4D: main (test_simulation.cpp:46)
==28059== 
==28059== Use of uninitialised value of size 8
==28059==    at 0x403BAE: simulation::Context::calculateNeighborAvg(specie_id, int) const (context_impl.hpp:44)
==28059==    by 0x4099E5: float reaction<(reaction_id)0>::active_rate<simulation::Context>(simulation::Context const&) const (model_impl.hpp:184)
==28059==    by 0x403D6B: simulation::Context::calculateRatesOfChange() (reactions_list.hpp:16)
==28059==    by 0x4103DF: simulation::execute() (simulation.cpp:69)
==28059==    by 0x410349: simulation::simulate() (simulation.cpp:30)
==28059==    by 0x407D4D: main (test_simulation.cpp:46)
==28059== 
==28059== Use of uninitialised value of size 8
==28059==    at 0x403B23: simulation::Context::calculateNeighborAvg(specie_id, int) const (context_impl.hpp:44)
==28059==    by 0x409B45: float reaction<(reaction_id)1>::active_rate<simulation::Context>(simulation::Context const&) const (model_impl.hpp:213)
==28059==    by 0x403DB2: simulation::Context::calculateRatesOfChange() (reactions_list.hpp:17)
==28059==    by 0x4103DF: simulation::execute() (simulation.cpp:69)
==28059==    by 0x410349: simulation::simulate() (simulation.cpp:30)
==28059==    by 0x407D4D: main (test_simulation.cpp:46)
==28059== 
==28059== Use of uninitialised value of size 8
==28059==    at 0x403B4D: simulation::Context::calculateNeighborAvg(specie_id, int) const (context_impl.hpp:44)
==28059==    by 0x409B45: float reaction<(reaction_id)1>::active_rate<simulation::Context>(simulation::Context const&) const (model_impl.hpp:213)
==28059==    by 0x403DB2: simulation::Context::calculateRatesOfChange() (reactions_list.hpp:17)
==28059==    by 0x4103DF: simulation::execute() (simulation.cpp:69)
==28059==    by 0x410349: simulation::simulate() (simulation.cpp:30)
==28059==    by 0x407D4D: main (test_simulation.cpp:46)
==28059== 
==28059== Use of uninitialised value of size 8
==28059==    at 0x403B7C: simulation::Context::calculateNeighborAvg(specie_id, int) const (context_impl.hpp:44)
==28059==    by 0x409B45: float reaction<(reaction_id)1>::active_rate<simulation::Context>(simulation::Context const&) const (model_impl.hpp:213)
==28059==    by 0x403DB2: simulation::Context::calculateRatesOfChange() (reactions_list.hpp:17)
==28059==    by 0x4103DF: simulation::execute() (simulation.cpp:69)
==28059==    by 0x410349: simulation::simulate() (simulation.cpp:30)
==28059==    by 0x407D4D: main (test_simulation.cpp:46)
==28059== 
==28059== Use of uninitialised value of size 8
==28059==    at 0x403BAE: simulation::Context::calculateNeighborAvg(specie_id, int) const (context_impl.hpp:44)
==28059==    by 0x409B45: float reaction<(reaction_id)1>::active_rate<simulation::Context>(simulation::Context const&) const (model_impl.hpp:213)
==28059==    by 0x403DB2: simulation::Context::calculateRatesOfChange() (reactions_list.hpp:17)
==28059==    by 0x4103DF: simulation::execute() (simulation.cpp:69)
==28059==    by 0x410349: simulation::simulate() (simulation.cpp:30)
==28059==    by 0x407D4D: main (test_simulation.cpp:46)
==28059== 
==28059== 
==28059== HEAP SUMMARY:
==28059==     in use at exit: 0 bytes in 0 blocks
==28059==   total heap usage: 9,846 allocs, 9,846 frees, 24,934,638 bytes allocated
==28059== 
==28059== All heap blocks were freed -- no leaks are possible
==28059== 
==28059== For counts of detected and suppressed errors, rerun with: -v
==28059== Use --track-origins=yes to see where uninitialised values come from
==28059== ERROR SUMMARY: 710400 errors from 28 contexts (suppressed: 0 from 0)
